<?xml version="1.0" encoding="UTF-8"?>
<testsuite name="TicTacToeTest" tests="1" skipped="0" failures="0" errors="0" timestamp="2020-10-05T04:32:05" hostname="dinesh" time="1.407">
  <properties/>
  <testcase name="start" classname="TicTacToeTest" time="1.407"/>
  <system-out><![CDATA[?[1;31m
Start test 1?[0m
---------
|       |
|       |
|       |
---------
Enter the coordinates: > 3 4
You should enter numbers!
Enter the coordinates: > 1 3
---------
| X     |
|       |
|       |
---------
Enter the coordinates: > 2 4
You should enter numbers!
Enter the coordinates: > 1 3
Enter the coordinates: > 3 1
---------
| X     |
|       |
|     O |
---------
Enter the coordinates: > 3 1
Enter the coordinates: > 3 4
This cell is occupied! Choose another one!
Enter the coordinates: > 2 3
---------
| X O   |
|       |
|     O |
---------
Enter the coordinates: > 1 2
---------
| X O   |
| X     |
|     O |
---------
Enter the coordinates: > 2 2
---------
| X O   |
| X X   |
|     O |
---------
Enter the coordinates: > 1 1
---------
| X O   |
| X X   |
| X   O |
---------
X wins
?[1;31m
Start test 2?[0m
---------
|       |
|       |
|       |
---------
Enter the coordinates: > 4 1
You should enter numbers!
Enter the coordinates: > 1 1
---------
|       |
|       |
| X     |
---------
Enter the coordinates: > 2 3
---------
|   X   |
|       |
| X     |
---------
Enter the coordinates: > 3 1
---------
|   X   |
|       |
| X   X |
---------
Enter the coordinates: > 1 2
---------
|   X   |
| X     |
| X   X |
---------
Enter the coordinates: > 4 4
You should enter numbers!
Enter the coordinates: > 2 4
You should enter numbers!
Enter the coordinates: > 3 4
You should enter numbers!
Enter the coordinates: > 4 1
You should enter numbers!
Enter the coordinates: > 4 3
You should enter numbers!
Enter the coordinates: > 3 2
---------
|   X   |
| X   X |
| X   X |
---------
Enter the coordinates: > 1 2
Enter the coordinates: > 1 3
---------
| O X   |
| X   X |
| X   X |
---------
Enter the coordinates: > 2 1
---------
| O X   |
| X   X |
| X X X |
---------
X wins
?[1;31m
Start test 3?[0m
---------
|       |
|       |
|       |
---------
Enter the coordinates: > 4 3
You should enter numbers!
Enter the coordinates: > 4 3
You should enter numbers!
Enter the coordinates: > 4 3
You should enter numbers!
Enter the coordinates: > 4 1
You should enter numbers!
Enter the coordinates: > 1 3
---------
| X     |
|       |
|       |
---------
Enter the coordinates: > 1 3
Enter the coordinates: > 3 2
---------
| X     |
|     O |
|       |
---------
Enter the coordinates: > 2 4
You should enter numbers!
Enter the coordinates: > 2 2
---------
| X     |
|   X O |
|       |
---------
Enter the coordinates: > 1 1
---------
| X     |
|   X O |
| X     |
---------
Enter the coordinates: > 1 3
Enter the coordinates: > 2 1
---------
| X     |
|   X O |
| X O   |
---------
Enter the coordinates: > 2 2
Enter the coordinates: > 2 3
---------
| X O   |
|   X O |
| X O   |
---------
Enter the coordinates: > 3 1
---------
| X O   |
|   X O |
| X O X |
---------
X wins
?[1;31m
Start test 4?[0m
---------
|       |
|       |
|       |
---------
Enter the coordinates: > 4 3
You should enter numbers!
Enter the coordinates: > 2 1
---------
|       |
|       |
|   X   |
---------
Enter the coordinates: > 3 2
---------
|       |
|     X |
|   X   |
---------
Enter the coordinates: > 1 4
You should enter numbers!
Enter the coordinates: > 3 3
---------
|     X |
|     X |
|   X   |
---------
Enter the coordinates: > 3 1
---------
|     X |
|     X |
|   X X |
---------
X wins
?[1;31m
Start test 5?[0m
---------
|       |
|       |
|       |
---------
Enter the coordinates: > 2 3
---------
|   X   |
|       |
|       |
---------
Enter the coordinates: > 1 2
---------
|   X   |
| X     |
|       |
---------
Enter the coordinates: > 3 3
---------
|   X X |
| X     |
|       |
---------
Enter the coordinates: > 1 3
---------
| X X X |
| X     |
|       |
---------
X wins
?[1;31m
Start test 6?[0m
---------
|       |
|       |
|       |
---------
Enter the coordinates: > 4 5
You should enter numbers!
Enter the coordinates: > 4 1
You should enter numbers!
Enter the coordinates: > 4 3
You should enter numbers!
Enter the coordinates: > 3 3
---------
|     X |
|       |
|       |
---------
Enter the coordinates: > 3 4
You should enter numbers!
Enter the coordinates: > 1 4
You should enter numbers!
Enter the coordinates: > 4 2
You should enter numbers!
Enter the coordinates: > 3 1
---------
|     X |
|       |
|     X |
---------
Enter the coordinates: > 4 2
You should enter numbers!
Enter the coordinates: > 3 1
Enter the coordinates: > 3 3
Enter the coordinates: > 2 3
---------
|   X X |
|       |
|     X |
---------
Enter the coordinates: > 3 1
Enter the coordinates: > 3 2
---------
|   X X |
|     O |
|     X |
---------
Enter the coordinates: > 3 3
Enter the coordinates: > 1 1
---------
|   X X |
|     O |
| O   X |
---------
Enter the coordinates: > 1 2
---------
|   X X |
| X   O |
| O   X |
---------
Enter the coordinates: > 1 3
---------
| X X X |
| X   O |
| O   X |
---------
X wins
?[1;31m
Start test 7?[0m
---------
|       |
|       |
|       |
---------
Enter the coordinates: > 2 3
---------
|   X   |
|       |
|       |
---------
Enter the coordinates: > 2 2
---------
|   X   |
|   X   |
|       |
---------
Enter the coordinates: > 3 2
---------
|   X   |
|   X X |
|       |
---------
Enter the coordinates: > 3 3
---------
|   X X |
|   X X |
|       |
---------
Enter the coordinates: > 4 4
You should enter numbers!
Enter the coordinates: > 4 3
You should enter numbers!
Enter the coordinates: > 4 4
You should enter numbers!
Enter the coordinates: > 1 4
You should enter numbers!
Enter the coordinates: > 4 2
You should enter numbers!
Enter the coordinates: > 4 4
You should enter numbers!
Enter the coordinates: > 3 1
---------
|   X X |
|   X X |
|     X |
---------
X wins
?[1;31m
Start test 8?[0m
---------
|       |
|       |
|       |
---------
Enter the coordinates: > 4 7
You should enter numbers!
Enter the coordinates: > 1 3
---------
| X     |
|       |
|       |
---------
Enter the coordinates: > 3 2
---------
| X     |
|     X |
|       |
---------
Enter the coordinates: > 2 3
---------
| X X   |
|     X |
|       |
---------
Enter the coordinates: > 2 1
---------
| X X   |
|     X |
|   X   |
---------
Enter the coordinates: > 4 1
You should enter numbers!
Enter the coordinates: > 4 2
You should enter numbers!
Enter the coordinates: > 1 4
You should enter numbers!
Enter the coordinates: > 3 2
Enter the coordinates: > 3 3
---------
| X X O |
|     X |
|   X   |
---------
Enter the coordinates: > 2 3
Enter the coordinates: > 3 2
Enter the coordinates: > 3 3
Enter the coordinates: > 1 1
---------
| X X O |
|     X |
| O X   |
---------
Enter the coordinates: > 1 2
---------
| X X O |
| X   X |
| O X   |
---------
Enter the coordinates: > 1 3
Enter the coordinates: > 2 1
Enter the coordinates: > 2 2
---------
| X X O |
| X X X |
| O X   |
---------
X wins
?[1;31m
Start test 9?[0m
---------
|       |
|       |
|       |
---------
Enter the coordinates: > 4 2
You should enter numbers!
Enter the coordinates: > 2 2
---------
|       |
|   X   |
|       |
---------
Enter the coordinates: > 1 2
---------
|       |
| X X   |
|       |
---------
Enter the coordinates: > 3 4
You should enter numbers!
Enter the coordinates: > 3 3
---------
|     X |
| X X   |
|       |
---------
Enter the coordinates: > 2 3
---------
|   X X |
| X X   |
|       |
---------
Enter the coordinates: > 3 3
Enter the coordinates: > 1 2
Enter the coordinates: > 2 2
Enter the coordinates: > 4 2
This cell is occupied! Choose another one!
Enter the coordinates: > 3 3
Enter the coordinates: > 1 1
---------
|   X X |
| X X   |
| X     |
---------
X wins
]]></system-out>
  <system-err><![CDATA[]]></system-err>
</testsuite>
